[2025-08-28 17:07:47] ThemeLoadError: System.IO.FileNotFoundException: Could not load file or assembly 'MaterialDesignThemes.Wpf, Culture=neutral, PublicKeyToken=null'. The system cannot find the file specified.
File name: 'MaterialDesignThemes.Wpf, Culture=neutral, PublicKeyToken=null'
   at System.Reflection.RuntimeAssembly.InternalLoad(AssemblyName assemblyName, StackCrawlMark& stackMark, AssemblyLoadContext assemblyLoadContext, RuntimeAssembly requestingAssembly, Boolean throwOnFileNotFound)
   at System.Reflection.Assembly.Load(AssemblyName assemblyRef)
   at System.Windows.Navigation.BaseUriHelper.GetLoadedAssembly(String assemblyName, String assemblyVersion, String assemblyKey)
   at MS.Internal.AppModel.ResourceContainer.GetResourceManagerWrapper(Uri uri, String& partName, Boolean& isContentFile)
   at MS.Internal.AppModel.ResourceContainer.GetPartCore(Uri uri)
   at System.IO.Packaging.Package.GetPartHelper(Uri partUri)
   at System.IO.Packaging.Package.GetPart(Uri partUri)
   at System.IO.Packaging.PackWebResponse.CachedResponse.GetResponseStream()
   at System.IO.Packaging.PackWebResponse.get_ContentType()
   at MS.Internal.WpfWebRequestHelper.GetContentType(WebResponse response)
   at MS.Internal.WpfWebRequestHelper.GetResponseStream(WebRequest request, ContentType& contentType)
   at System.Windows.ResourceDictionary.set_Source(Uri value)
   at MetaViewer.App.TryLoadMaterialTheme() in C:\Projects\MetaViewer\App.xaml.cs:line 36

[2025-08-28 17:16:38] ThemeLoadError: System.IO.FileNotFoundException: Could not load file or assembly 'MaterialDesignThemes.Wpf, Culture=neutral, PublicKeyToken=null'. The system cannot find the file specified.
File name: 'MaterialDesignThemes.Wpf, Culture=neutral, PublicKeyToken=null'
   at System.Reflection.RuntimeAssembly.InternalLoad(AssemblyName assemblyName, StackCrawlMark& stackMark, AssemblyLoadContext assemblyLoadContext, RuntimeAssembly requestingAssembly, Boolean throwOnFileNotFound)
   at System.Reflection.Assembly.Load(AssemblyName assemblyRef)
   at System.Windows.Navigation.BaseUriHelper.GetLoadedAssembly(String assemblyName, String assemblyVersion, String assemblyKey)
   at MS.Internal.AppModel.ResourceContainer.GetResourceManagerWrapper(Uri uri, String& partName, Boolean& isContentFile)
   at MS.Internal.AppModel.ResourceContainer.GetPartCore(Uri uri)
   at System.IO.Packaging.Package.GetPartHelper(Uri partUri)
   at System.IO.Packaging.Package.GetPart(Uri partUri)
   at System.IO.Packaging.PackWebResponse.CachedResponse.GetResponseStream()
   at System.IO.Packaging.PackWebResponse.get_ContentType()
   at MS.Internal.WpfWebRequestHelper.GetContentType(WebResponse response)
   at MS.Internal.WpfWebRequestHelper.GetResponseStream(WebRequest request, ContentType& contentType)
   at System.Windows.ResourceDictionary.set_Source(Uri value)
   at MetaViewer.App.TryLoadMaterialTheme() in C:\Projects\MetaViewer\App.xaml.cs:line 36

[2025-08-28 20:57:02] ThemeLoadError: System.IO.FileNotFoundException: Could not load file or assembly 'MaterialDesignThemes.Wpf, Culture=neutral, PublicKeyToken=null'. The system cannot find the file specified.
File name: 'MaterialDesignThemes.Wpf, Culture=neutral, PublicKeyToken=null'
   at System.Reflection.RuntimeAssembly.InternalLoad(AssemblyName assemblyName, StackCrawlMark& stackMark, AssemblyLoadContext assemblyLoadContext, RuntimeAssembly requestingAssembly, Boolean throwOnFileNotFound)
   at System.Reflection.Assembly.Load(AssemblyName assemblyRef)
   at System.Windows.Navigation.BaseUriHelper.GetLoadedAssembly(String assemblyName, String assemblyVersion, String assemblyKey)
   at MS.Internal.AppModel.ResourceContainer.GetResourceManagerWrapper(Uri uri, String& partName, Boolean& isContentFile)
   at MS.Internal.AppModel.ResourceContainer.GetPartCore(Uri uri)
   at System.IO.Packaging.Package.GetPartHelper(Uri partUri)
   at System.IO.Packaging.Package.GetPart(Uri partUri)
   at System.IO.Packaging.PackWebResponse.CachedResponse.GetResponseStream()
   at System.IO.Packaging.PackWebResponse.get_ContentType()
   at MS.Internal.WpfWebRequestHelper.GetContentType(WebResponse response)
   at MS.Internal.WpfWebRequestHelper.GetResponseStream(WebRequest request, ContentType& contentType)
   at System.Windows.ResourceDictionary.set_Source(Uri value)
   at MetaViewer.App.TryLoadMaterialTheme() in C:\Projects\MetaViewer\App.xaml.cs:line 36

[2025-08-28 21:32:24] ThemeLoadError: System.IO.FileNotFoundException: Could not load file or assembly 'MaterialDesignThemes.Wpf, Culture=neutral, PublicKeyToken=null'. The system cannot find the file specified.
File name: 'MaterialDesignThemes.Wpf, Culture=neutral, PublicKeyToken=null'
   at System.Reflection.RuntimeAssembly.InternalLoad(AssemblyName assemblyName, StackCrawlMark& stackMark, AssemblyLoadContext assemblyLoadContext, RuntimeAssembly requestingAssembly, Boolean throwOnFileNotFound)
   at System.Reflection.Assembly.Load(AssemblyName assemblyRef)
   at System.Windows.Navigation.BaseUriHelper.GetLoadedAssembly(String assemblyName, String assemblyVersion, String assemblyKey)
   at MS.Internal.AppModel.ResourceContainer.GetResourceManagerWrapper(Uri uri, String& partName, Boolean& isContentFile)
   at MS.Internal.AppModel.ResourceContainer.GetPartCore(Uri uri)
   at System.IO.Packaging.Package.GetPartHelper(Uri partUri)
   at System.IO.Packaging.Package.GetPart(Uri partUri)
   at System.IO.Packaging.PackWebResponse.CachedResponse.GetResponseStream()
   at System.IO.Packaging.PackWebResponse.get_ContentType()
   at MS.Internal.WpfWebRequestHelper.GetContentType(WebResponse response)
   at MS.Internal.WpfWebRequestHelper.GetResponseStream(WebRequest request, ContentType& contentType)
   at System.Windows.ResourceDictionary.set_Source(Uri value)
   at MetaViewer.App.TryLoadMaterialTheme() in C:\Projects\MetaViewer\App.xaml.cs:line 36

[2025-08-30 19:57:52] ThemeLoadError: System.IO.FileNotFoundException: Could not load file or assembly 'MaterialDesignThemes.Wpf, Culture=neutral, PublicKeyToken=null'. The system cannot find the file specified.
File name: 'MaterialDesignThemes.Wpf, Culture=neutral, PublicKeyToken=null'
   at System.Reflection.RuntimeAssembly.InternalLoad(AssemblyName assemblyName, StackCrawlMark& stackMark, AssemblyLoadContext assemblyLoadContext, RuntimeAssembly requestingAssembly, Boolean throwOnFileNotFound)
   at System.Reflection.Assembly.Load(AssemblyName assemblyRef)
   at System.Windows.Navigation.BaseUriHelper.GetLoadedAssembly(String assemblyName, String assemblyVersion, String assemblyKey)
   at MS.Internal.AppModel.ResourceContainer.GetResourceManagerWrapper(Uri uri, String& partName, Boolean& isContentFile)
   at MS.Internal.AppModel.ResourceContainer.GetPartCore(Uri uri)
   at System.IO.Packaging.Package.GetPartHelper(Uri partUri)
   at System.IO.Packaging.Package.GetPart(Uri partUri)
   at System.IO.Packaging.PackWebResponse.CachedResponse.GetResponseStream()
   at System.IO.Packaging.PackWebResponse.get_ContentType()
   at MS.Internal.WpfWebRequestHelper.GetContentType(WebResponse response)
   at MS.Internal.WpfWebRequestHelper.GetResponseStream(WebRequest request, ContentType& contentType)
   at System.Windows.ResourceDictionary.set_Source(Uri value)
   at MetaViewer.App.TryLoadMaterialTheme() in C:\Projects\MetaViewer\App.xaml.cs:line 36

